[2019-06-29T23:09:10.022] [TRACE] demands - success ....
[2019-06-29T23:09:10.024] [INFO] demands - { result: 'success',
  message: './demandsgenerated/000000000*****29-Jun-2019demand1.docx',
  filename: '000000000*****29-Jun-2019demand1.docx' }
[2019-06-29T23:09:10.024] [INFO] demands - 200
[2019-06-29T23:11:00.254] [TRACE] demands - success ....
[2019-06-29T23:11:00.255] [INFO] demands - { result: 'success',
  message: './demandsgenerated/000000000*****29-Jun-2019demand1.docx',
  filename: '000000000*****29-Jun-2019demand1.docx' }
[2019-06-29T23:11:00.255] [INFO] demands - STATUS - 200
[2019-06-29T23:22:00.132] [TRACE] demands - success ....
[2019-06-29T23:22:00.133] [INFO] demands - { result: 'success',
  message: './demandsgenerated/000000000*****29-Jun-2019demand1.docx',
  filename: '000000000*****29-Jun-2019demand1.docx' }
[2019-06-29T23:22:00.134] [INFO] demands - STATUS - 200
[2019-06-29T23:23:00.030] [ERROR] demands - { Error: connect ECONNREFUSED 127.0.0.1:8004
    at TCPConnectWrap.afterConnect [as oncomplete] (net.js:1104:14)
  errno: 'ECONNREFUSED',
  code: 'ECONNREFUSED',
  syscall: 'connect',
  address: '127.0.0.1',
  port: 8004,
  config:
   { url: 'http://localhost:8004/docx/Demand1/download',
     method: 'post',
     data:
      '{"format":"docx","acc":"00000000000000","custnumber":"0000000","accounts":[],"guarantors":[]}',
     headers:
      { Accept: 'application/json, text/plain, */*',
        'Content-Type': 'application/json;charset=utf-8',
        'User-Agent': 'axios/0.19.0',
        'Content-Length': 93 },
     transformRequest: [ [Function: transformRequest] ],
     transformResponse: [ [Function: transformResponse] ],
     timeout: 0,
     adapter: [Function: httpAdapter],
     xsrfCookieName: 'XSRF-TOKEN',
     xsrfHeaderName: 'X-XSRF-TOKEN',
     maxContentLength: -1,
     validateStatus: [Function: validateStatus] },
  request:
   Writable {
     _writableState:
      WritableState {
        objectMode: false,
        highWaterMark: 16384,
        finalCalled: false,
        needDrain: false,
        ending: false,
        ended: false,
        finished: false,
        destroyed: false,
        decodeStrings: true,
        defaultEncoding: 'utf8',
        length: 0,
        writing: false,
        corked: 0,
        sync: true,
        bufferProcessing: false,
        onwrite: [Function: bound onwrite],
        writecb: null,
        writelen: 0,
        bufferedRequest: null,
        lastBufferedRequest: null,
        pendingcb: 0,
        prefinished: false,
        errorEmitted: false,
        emitClose: true,
        bufferedRequestCount: 0,
        corkedRequestsFree: [Object] },
     writable: true,
     _events:
      [Object: null prototype] {
        response: [Function: handleResponse],
        error: [Function: handleRequestError] },
     _eventsCount: 2,
     _maxListeners: undefined,
     _options:
      { protocol: 'http:',
        maxRedirects: 21,
        maxBodyLength: 10485760,
        path: '/docx/Demand1/download',
        method: 'POST',
        headers: [Object],
        agent: undefined,
        auth: undefined,
        hostname: 'localhost',
        port: '8004',
        nativeProtocols: [Object],
        pathname: '/docx/Demand1/download' },
     _redirectCount: 0,
     _redirects: [],
     _requestBodyLength: 93,
     _requestBodyBuffers: [ [Object] ],
     _onNativeResponse: [Function],
     _currentRequest:
      ClientRequest {
        _events: [Object],
        _eventsCount: 6,
        _maxListeners: undefined,
        output: [],
        outputEncodings: [],
        outputCallbacks: [],
        outputSize: 0,
        writable: true,
        _last: true,
        chunkedEncoding: false,
        shouldKeepAlive: false,
        useChunkedEncodingByDefault: true,
        sendDate: false,
        _removedConnection: false,
        _removedContLen: false,
        _removedTE: false,
        _contentLength: null,
        _hasBody: true,
        _trailer: '',
        finished: false,
        _headerSent: true,
        socket: [Socket],
        connection: [Socket],
        _header:
         'POST /docx/Demand1/download HTTP/1.1\r\nAccept: application/json, text/plain, */*\r\nContent-Type: application/json;charset=utf-8\r\nUser-Agent: axios/0.19.0\r\nContent-Length: 93\r\nHost: localhost:8004\r\nConnection: close\r\n\r\n',
        _onPendingData: [Function: noopPendingOutput],
        agent: [Agent],
        socketPath: undefined,
        timeout: undefined,
        method: 'POST',
        path: '/docx/Demand1/download',
        _ended: false,
        res: null,
        aborted: undefined,
        timeoutCb: null,
        upgradeOrConnect: false,
        parser: null,
        maxHeadersCount: null,
        _redirectable: [Circular],
        [Symbol(isCorked)]: false,
        [Symbol(outHeadersKey)]: [Object] },
     _currentUrl: 'http://localhost:8004/docx/Demand1/download' },
  response: undefined,
  isAxiosError: true,
  toJSON: [Function] }
[2019-06-29T23:26:00.073] [ERROR] demands - undefined
